<?xml version="1.0" encoding="UTF-8"?>
<testng-results ignored="0" total="1" passed="1" failed="0" skipped="0">
  <reporter-output>
  </reporter-output>
  <suite started-at="2025-04-30T16:04:12 NPT" name="Default suite" finished-at="2025-04-30T16:04:12 NPT" duration-ms="297">
    <groups>
    </groups>
    <test started-at="2025-04-30T16:04:12 NPT" name="Default test" finished-at="2025-04-30T16:04:12 NPT" duration-ms="297">
      <class name="OTP.signture">
        <test-method signature="sign()[pri:0, instance:OTP.signture@5acf93bb]" started-at="2025-04-30T16:04:12 NPT" name="sign" finished-at="2025-04-30T16:04:12 NPT" duration-ms="262" status="PASS">
          <reporter-output>
          </reporter-output>
        </test-method> <!-- sign -->
      </class> <!-- OTP.signture -->
    </test> <!-- Default test -->
  </suite> <!-- Default suite -->
</testng-results>
