<?xml version="1.0" encoding="UTF-8"?>
<testng-results ignored="0" total="16" passed="15" failed="1" skipped="0">
  <reporter-output>
  </reporter-output>
  <suite started-at="2025-05-15T16:56:50 NPT" name="Default suite" finished-at="2025-05-15T16:57:11 NPT" duration-ms="20627">
    <groups>
    </groups>
    <test started-at="2025-05-15T16:56:50 NPT" name="Default test" finished-at="2025-05-15T16:57:11 NPT" duration-ms="20627">
      <class name="OTP.verifyresetOtp">
        <test-method signature="VerifyOtpwithValidCredentials()[pri:0, instance:OTP.verifyresetOtp@2d52216b]" started-at="2025-05-15T16:56:50 NPT" name="VerifyOtpwithValidCredentials" finished-at="2025-05-15T16:56:56 NPT" duration-ms="5098" status="FAIL">
          <exception class="java.lang.AssertionError">
            <message>
              <![CDATA[sessionkey is missing from the response expected object to not be null]]>
            </message>
            <full-stacktrace>
              <![CDATA[java.lang.AssertionError: sessionkey is missing from the response expected object to not be null
at org.testng.Assert.fail(Assert.java:99)
at org.testng.Assert.assertNotNull(Assert.java:942)
at OTP.verifyresetOtp.VerifyOtpwithValidCredentials(verifyresetOtp.java:980)
at java.base/jdk.internal.reflect.DirectMethodHandleAccessor.invoke(DirectMethodHandleAccessor.java:103)
at java.base/java.lang.reflect.Method.invoke(Method.java:580)
at org.testng.internal.MethodInvocationHelper.invokeMethod(MethodInvocationHelper.java:133)
at org.testng.internal.TestInvoker.invokeMethod(TestInvoker.java:598)
at org.testng.internal.TestInvoker.invokeTestMethod(TestInvoker.java:173)
at org.testng.internal.MethodRunner.runInSequence(MethodRunner.java:46)
at org.testng.internal.TestInvoker$MethodInvocationAgent.invoke(TestInvoker.java:824)
at org.testng.internal.TestInvoker.invokeTestMethods(TestInvoker.java:146)
at org.testng.internal.TestMethodWorker.invokeTestMethods(TestMethodWorker.java:146)
at org.testng.internal.TestMethodWorker.run(TestMethodWorker.java:128)
at java.base/java.util.ArrayList.forEach(ArrayList.java:1597)
at org.testng.TestRunner.privateRun(TestRunner.java:794)
at org.testng.TestRunner.run(TestRunner.java:596)
at org.testng.SuiteRunner.runTest(SuiteRunner.java:377)
at org.testng.SuiteRunner.runSequentially(SuiteRunner.java:371)
at org.testng.SuiteRunner.privateRun(SuiteRunner.java:332)
at org.testng.SuiteRunner.run(SuiteRunner.java:276)
at org.testng.SuiteRunnerWorker.runSuite(SuiteRunnerWorker.java:53)
at org.testng.SuiteRunnerWorker.run(SuiteRunnerWorker.java:96)
at org.testng.TestNG.runSuitesSequentially(TestNG.java:1212)
at org.testng.TestNG.runSuitesLocally(TestNG.java:1134)
at org.testng.TestNG.runSuites(TestNG.java:1063)
at org.testng.TestNG.run(TestNG.java:1031)
at org.testng.remote.AbstractRemoteTestNG.run(AbstractRemoteTestNG.java:115)
at org.testng.remote.RemoteTestNG.initAndRun(RemoteTestNG.java:293)
at org.testng.remote.RemoteTestNG.main(RemoteTestNG.java:91)
]]>
            </full-stacktrace>
          </exception> <!-- java.lang.AssertionError -->
          <reporter-output>
          </reporter-output>
        </test-method> <!-- VerifyOtpwithValidCredentials -->
        <test-method signature="VerifySignUpOtpwithoutOtp()[pri:0, instance:OTP.verifyresetOtp@2d52216b]" started-at="2025-05-15T16:56:56 NPT" name="VerifySignUpOtpwithoutOtp" finished-at="2025-05-15T16:56:57 NPT" duration-ms="1023" status="PASS">
          <reporter-output>
          </reporter-output>
        </test-method> <!-- VerifySignUpOtpwithoutOtp -->
        <test-method signature="VerifySignUpOtpwithoutTimestamp()[pri:0, instance:OTP.verifyresetOtp@2d52216b]" started-at="2025-05-15T16:56:57 NPT" name="VerifySignUpOtpwithoutTimestamp" finished-at="2025-05-15T16:56:57 NPT" duration-ms="524" status="PASS">
          <reporter-output>
          </reporter-output>
        </test-method> <!-- VerifySignUpOtpwithoutTimestamp -->
        <test-method signature="VerifySignUpOtpwithoutpin()[pri:0, instance:OTP.verifyresetOtp@2d52216b]" started-at="2025-05-15T16:56:57 NPT" name="VerifySignUpOtpwithoutpin" finished-at="2025-05-15T16:57:00 NPT" duration-ms="2795" status="PASS">
          <reporter-output>
          </reporter-output>
        </test-method> <!-- VerifySignUpOtpwithoutpin -->
        <test-method signature="VerifySignUpwithInvalidEmail()[pri:0, instance:OTP.verifyresetOtp@2d52216b]" started-at="2025-05-15T16:57:00 NPT" name="VerifySignUpwithInvalidEmail" finished-at="2025-05-15T16:57:01 NPT" duration-ms="641" status="PASS">
          <reporter-output>
          </reporter-output>
        </test-method> <!-- VerifySignUpwithInvalidEmail -->
        <test-method signature="VerifySignUpwithInvalidOtp()[pri:0, instance:OTP.verifyresetOtp@2d52216b]" started-at="2025-05-15T16:57:01 NPT" name="VerifySignUpwithInvalidOtp" finished-at="2025-05-15T16:57:02 NPT" duration-ms="1338" status="PASS">
          <reporter-output>
          </reporter-output>
        </test-method> <!-- VerifySignUpwithInvalidOtp -->
        <test-method signature="VerifySignUpwithInvalidPin()[pri:0, instance:OTP.verifyresetOtp@2d52216b]" started-at="2025-05-15T16:57:02 NPT" name="VerifySignUpwithInvalidPin" finished-at="2025-05-15T16:57:03 NPT" duration-ms="679" status="PASS">
          <reporter-output>
          </reporter-output>
        </test-method> <!-- VerifySignUpwithInvalidPin -->
        <test-method signature="VerifySignUpwithInvalidToken()[pri:0, instance:OTP.verifyresetOtp@2d52216b]" started-at="2025-05-15T16:57:03 NPT" name="VerifySignUpwithInvalidToken" finished-at="2025-05-15T16:57:03 NPT" duration-ms="348" status="PASS">
          <reporter-output>
          </reporter-output>
        </test-method> <!-- VerifySignUpwithInvalidToken -->
        <test-method signature="VerifySignUpwithWrongSignature()[pri:0, instance:OTP.verifyresetOtp@2d52216b]" started-at="2025-05-15T16:57:03 NPT" name="VerifySignUpwithWrongSignature" finished-at="2025-05-15T16:57:03 NPT" duration-ms="310" status="PASS">
          <reporter-output>
          </reporter-output>
        </test-method> <!-- VerifySignUpwithWrongSignature -->
        <test-method signature="VerifySignUpwithoutSignature()[pri:0, instance:OTP.verifyresetOtp@2d52216b]" started-at="2025-05-15T16:57:03 NPT" name="VerifySignUpwithoutSignature" finished-at="2025-05-15T16:57:03 NPT" duration-ms="122" status="PASS">
          <reporter-output>
          </reporter-output>
        </test-method> <!-- VerifySignUpwithoutSignature -->
        <test-method signature="VerifySignUpwithouttoken()[pri:0, instance:OTP.verifyresetOtp@2d52216b]" started-at="2025-05-15T16:57:03 NPT" name="VerifySignUpwithouttoken" finished-at="2025-05-15T16:57:04 NPT" duration-ms="795" status="PASS">
          <reporter-output>
          </reporter-output>
        </test-method> <!-- VerifySignUpwithouttoken -->
        <test-method signature="VerifySignupOtpwithoutemail()[pri:0, instance:OTP.verifyresetOtp@2d52216b]" started-at="2025-05-15T16:57:04 NPT" name="VerifySignupOtpwithoutemail" finished-at="2025-05-15T16:57:05 NPT" duration-ms="429" status="PASS">
          <reporter-output>
          </reporter-output>
        </test-method> <!-- VerifySignupOtpwithoutemail -->
        <test-method signature="VerifySignupwithInvalidTimestamp()[pri:0, instance:OTP.verifyresetOtp@2d52216b]" started-at="2025-05-15T16:57:05 NPT" name="VerifySignupwithInvalidTimestamp" finished-at="2025-05-15T16:57:07 NPT" duration-ms="2592" status="PASS">
          <reporter-output>
          </reporter-output>
        </test-method> <!-- VerifySignupwithInvalidTimestamp -->
        <test-method signature="verifySignUpOtpwithoutDeviceId()[pri:0, instance:OTP.verifyresetOtp@2d52216b]" started-at="2025-05-15T16:57:07 NPT" name="verifySignUpOtpwithoutDeviceId" finished-at="2025-05-15T16:57:09 NPT" duration-ms="1635" status="PASS">
          <reporter-output>
          </reporter-output>
        </test-method> <!-- verifySignUpOtpwithoutDeviceId -->
        <test-method signature="verifySignUpOtpwithoutLocation()[pri:0, instance:OTP.verifyresetOtp@2d52216b]" started-at="2025-05-15T16:57:09 NPT" name="verifySignUpOtpwithoutLocation" finished-at="2025-05-15T16:57:10 NPT" duration-ms="893" status="PASS">
          <reporter-output>
          </reporter-output>
        </test-method> <!-- verifySignUpOtpwithoutLocation -->
        <test-method signature="verifySignUpwithoutUserAgent()[pri:0, instance:OTP.verifyresetOtp@2d52216b]" started-at="2025-05-15T16:57:10 NPT" name="verifySignUpwithoutUserAgent" finished-at="2025-05-15T16:57:11 NPT" duration-ms="1283" status="PASS">
          <reporter-output>
          </reporter-output>
        </test-method> <!-- verifySignUpwithoutUserAgent -->
      </class> <!-- OTP.verifyresetOtp -->
    </test> <!-- Default test -->
  </suite> <!-- Default suite -->
</testng-results>
