<?xml version="1.0" encoding="UTF-8"?>
<testng-results ignored="0" total="23" passed="21" failed="2" skipped="0">
  <reporter-output>
  </reporter-output>
  <suite started-at="2025-09-02T13:48:46 NPT" name="Default suite" finished-at="2025-09-02T13:48:57 NPT" duration-ms="11404">
    <groups>
    </groups>
    <test started-at="2025-09-02T13:48:46 NPT" name="Default test" finished-at="2025-09-02T13:48:57 NPT" duration-ms="11404">
      <class name="OTP.signupOtpVerify">
        <test-method signature="VerifyOtpwithEmptyDeviceDetails()[pri:0, instance:OTP.signupOtpVerify@534a5a98]" started-at="2025-09-02T13:48:46 NPT" name="VerifyOtpwithEmptyDeviceDetails" finished-at="2025-09-02T13:48:50 NPT" duration-ms="4343" status="FAIL">
          <exception class="java.lang.AssertionError">
            <message>
              <![CDATA[1 expectation failed.
Expected status code <400> but was <422>.
]]>
            </message>
            <full-stacktrace>
              <![CDATA[java.lang.AssertionError: 1 expectation failed.
Expected status code <400> but was <422>.

at java.base/jdk.internal.reflect.DirectConstructorHandleAccessor.newInstance(DirectConstructorHandleAccessor.java:62)
at java.base/java.lang.reflect.Constructor.newInstanceWithCaller(Constructor.java:502)
at java.base/java.lang.reflect.Constructor.newInstance(Constructor.java:486)
at org.codehaus.groovy.reflection.CachedConstructor.invoke(CachedConstructor.java:73)
at org.codehaus.groovy.runtime.callsite.ConstructorSite$ConstructorSiteNoUnwrapNoCoerce.callConstructor(ConstructorSite.java:108)
at org.codehaus.groovy.runtime.callsite.CallSiteArray.defaultCallConstructor(CallSiteArray.java:57)
at org.codehaus.groovy.runtime.callsite.AbstractCallSite.callConstructor(AbstractCallSite.java:263)
at org.codehaus.groovy.runtime.callsite.AbstractCallSite.callConstructor(AbstractCallSite.java:277)
at io.restassured.internal.ResponseSpecificationImpl$HamcrestAssertionClosure.validate(ResponseSpecificationImpl.groovy:512)
at io.restassured.internal.ResponseSpecificationImpl$HamcrestAssertionClosure$validate$1.call(Unknown Source)
at org.codehaus.groovy.runtime.callsite.CallSiteArray.defaultCall(CallSiteArray.java:45)
at org.codehaus.groovy.runtime.callsite.AbstractCallSite.call(AbstractCallSite.java:125)
at org.codehaus.groovy.runtime.callsite.AbstractCallSite.call(AbstractCallSite.java:139)
at io.restassured.internal.ResponseSpecificationImpl.validateResponseIfRequired(ResponseSpecificationImpl.groovy:696)
at io.restassured.internal.ResponseSpecificationImpl.this$2$validateResponseIfRequired(ResponseSpecificationImpl.groovy)
at java.base/jdk.internal.reflect.DirectMethodHandleAccessor.invoke(DirectMethodHandleAccessor.java:103)
at java.base/java.lang.reflect.Method.invoke(Method.java:580)
at org.codehaus.groovy.runtime.callsite.PlainObjectMetaMethodSite.doInvoke(PlainObjectMetaMethodSite.java:43)
at org.codehaus.groovy.runtime.callsite.PogoMetaMethodSite$PogoCachedMethodSiteNoUnwrapNoCoerce.invoke(PogoMetaMethodSite.java:198)
at org.codehaus.groovy.runtime.callsite.PogoMetaMethodSite.callCurrent(PogoMetaMethodSite.java:62)
at org.codehaus.groovy.runtime.callsite.CallSiteArray.defaultCallCurrent(CallSiteArray.java:49)
at org.codehaus.groovy.runtime.callsite.AbstractCallSite.callCurrent(AbstractCallSite.java:171)
at org.codehaus.groovy.runtime.callsite.AbstractCallSite.callCurrent(AbstractCallSite.java:185)
at io.restassured.internal.ResponseSpecificationImpl.statusCode(ResponseSpecificationImpl.groovy:135)
at io.restassured.specification.ResponseSpecification$statusCode$0.callCurrent(Unknown Source)
at org.codehaus.groovy.runtime.callsite.CallSiteArray.defaultCallCurrent(CallSiteArray.java:49)
at org.codehaus.groovy.runtime.callsite.AbstractCallSite.callCurrent(AbstractCallSite.java:171)
at org.codehaus.groovy.runtime.callsite.AbstractCallSite.callCurrent(AbstractCallSite.java:185)
at io.restassured.internal.ResponseSpecificationImpl.statusCode(ResponseSpecificationImpl.groovy:143)
at io.restassured.internal.ValidatableResponseOptionsImpl.statusCode(ValidatableResponseOptionsImpl.java:89)
at OTP.signupOtpVerify.VerifyOtpwithEmptyDeviceDetails(signupOtpVerify.java:1328)
at java.base/jdk.internal.reflect.DirectMethodHandleAccessor.invoke(DirectMethodHandleAccessor.java:103)
at java.base/java.lang.reflect.Method.invoke(Method.java:580)
at org.testng.internal.MethodInvocationHelper.invokeMethod(MethodInvocationHelper.java:133)
at org.testng.internal.TestInvoker.invokeMethod(TestInvoker.java:598)
at org.testng.internal.TestInvoker.invokeTestMethod(TestInvoker.java:173)
at org.testng.internal.MethodRunner.runInSequence(MethodRunner.java:46)
at org.testng.internal.TestInvoker$MethodInvocationAgent.invoke(TestInvoker.java:824)
at org.testng.internal.TestInvoker.invokeTestMethods(TestInvoker.java:146)
at org.testng.internal.TestMethodWorker.invokeTestMethods(TestMethodWorker.java:146)
at org.testng.internal.TestMethodWorker.run(TestMethodWorker.java:128)
at java.base/java.util.ArrayList.forEach(ArrayList.java:1597)
at org.testng.TestRunner.privateRun(TestRunner.java:794)
at org.testng.TestRunner.run(TestRunner.java:596)
at org.testng.SuiteRunner.runTest(SuiteRunner.java:377)
at org.testng.SuiteRunner.runSequentially(SuiteRunner.java:371)
at org.testng.SuiteRunner.privateRun(SuiteRunner.java:332)
at org.testng.SuiteRunner.run(SuiteRunner.java:276)
at org.testng.SuiteRunnerWorker.runSuite(SuiteRunnerWorker.java:53)
at org.testng.SuiteRunnerWorker.run(SuiteRunnerWorker.java:96)
at org.testng.TestNG.runSuitesSequentially(TestNG.java:1212)
at org.testng.TestNG.runSuitesLocally(TestNG.java:1134)
at org.testng.TestNG.runSuites(TestNG.java:1063)
at org.testng.TestNG.run(TestNG.java:1031)
at org.testng.remote.AbstractRemoteTestNG.run(AbstractRemoteTestNG.java:115)
at org.testng.remote.RemoteTestNG.initAndRun(RemoteTestNG.java:293)
at org.testng.remote.RemoteTestNG.main(RemoteTestNG.java:91)
]]>
            </full-stacktrace>
          </exception> <!-- java.lang.AssertionError -->
          <reporter-output>
          </reporter-output>
        </test-method> <!-- VerifyOtpwithEmptyDeviceDetails -->
        <test-method signature="VerifyOtpwithEmptyPushToken()[pri:0, instance:OTP.signupOtpVerify@534a5a98]" started-at="2025-09-02T13:48:50 NPT" name="VerifyOtpwithEmptyPushToken" finished-at="2025-09-02T13:48:52 NPT" duration-ms="2294" status="PASS">
          <reporter-output>
          </reporter-output>
        </test-method> <!-- VerifyOtpwithEmptyPushToken -->
        <test-method signature="VerifyOtpwithInvalidColorDepth()[pri:0, instance:OTP.signupOtpVerify@534a5a98]" started-at="2025-09-02T13:48:52 NPT" name="VerifyOtpwithInvalidColorDepth" finished-at="2025-09-02T13:48:52 NPT" duration-ms="186" status="PASS">
          <reporter-output>
          </reporter-output>
        </test-method> <!-- VerifyOtpwithInvalidColorDepth -->
        <test-method signature="VerifyOtpwithInvalidDeviceModel()[pri:0, instance:OTP.signupOtpVerify@534a5a98]" started-at="2025-09-02T13:48:52 NPT" name="VerifyOtpwithInvalidDeviceModel" finished-at="2025-09-02T13:48:53 NPT" duration-ms="127" status="PASS">
          <reporter-output>
          </reporter-output>
        </test-method> <!-- VerifyOtpwithInvalidDeviceModel -->
        <test-method signature="VerifyOtpwithInvalidScreenHeight()[pri:0, instance:OTP.signupOtpVerify@534a5a98]" started-at="2025-09-02T13:48:53 NPT" name="VerifyOtpwithInvalidScreenHeight" finished-at="2025-09-02T13:48:53 NPT" duration-ms="378" status="PASS">
          <reporter-output>
          </reporter-output>
        </test-method> <!-- VerifyOtpwithInvalidScreenHeight -->
        <test-method signature="VerifyOtpwithInvalidScreenWidth()[pri:0, instance:OTP.signupOtpVerify@534a5a98]" started-at="2025-09-02T13:48:53 NPT" name="VerifyOtpwithInvalidScreenWidth" finished-at="2025-09-02T13:48:53 NPT" duration-ms="376" status="PASS">
          <reporter-output>
          </reporter-output>
        </test-method> <!-- VerifyOtpwithInvalidScreenWidth -->
        <test-method signature="VerifyOtpwithMissingdeviceModel()[pri:0, instance:OTP.signupOtpVerify@534a5a98]" started-at="2025-09-02T13:48:53 NPT" name="VerifyOtpwithMissingdeviceModel" finished-at="2025-09-02T13:48:54 NPT" duration-ms="265" status="PASS">
          <reporter-output>
          </reporter-output>
        </test-method> <!-- VerifyOtpwithMissingdeviceModel -->
        <test-method signature="VerifyOtpwithValidCredentials()[pri:0, instance:OTP.signupOtpVerify@534a5a98]" started-at="2025-09-02T13:48:54 NPT" name="VerifyOtpwithValidCredentials" finished-at="2025-09-02T13:48:54 NPT" duration-ms="147" status="FAIL">
          <exception class="java.lang.AssertionError">
            <message>
              <![CDATA[1 expectation failed.
Expected status code <201> but was <401>.
]]>
            </message>
            <full-stacktrace>
              <![CDATA[java.lang.AssertionError: 1 expectation failed.
Expected status code <201> but was <401>.

at java.base/jdk.internal.reflect.DirectConstructorHandleAccessor.newInstance(DirectConstructorHandleAccessor.java:62)
at java.base/java.lang.reflect.Constructor.newInstanceWithCaller(Constructor.java:502)
at java.base/java.lang.reflect.Constructor.newInstance(Constructor.java:486)
at org.codehaus.groovy.reflection.CachedConstructor.invoke(CachedConstructor.java:73)
at org.codehaus.groovy.runtime.callsite.ConstructorSite$ConstructorSiteNoUnwrapNoCoerce.callConstructor(ConstructorSite.java:108)
at org.codehaus.groovy.runtime.callsite.AbstractCallSite.callConstructor(AbstractCallSite.java:277)
at io.restassured.internal.ResponseSpecificationImpl$HamcrestAssertionClosure.validate(ResponseSpecificationImpl.groovy:512)
at io.restassured.internal.ResponseSpecificationImpl$HamcrestAssertionClosure$validate$1.call(Unknown Source)
at io.restassured.internal.ResponseSpecificationImpl.validateResponseIfRequired(ResponseSpecificationImpl.groovy:696)
at io.restassured.internal.ResponseSpecificationImpl.this$2$validateResponseIfRequired(ResponseSpecificationImpl.groovy)
at java.base/jdk.internal.reflect.DirectMethodHandleAccessor.invoke(DirectMethodHandleAccessor.java:103)
at java.base/java.lang.reflect.Method.invoke(Method.java:580)
at org.codehaus.groovy.runtime.callsite.PlainObjectMetaMethodSite.doInvoke(PlainObjectMetaMethodSite.java:43)
at org.codehaus.groovy.runtime.callsite.PogoMetaMethodSite$PogoCachedMethodSiteNoUnwrapNoCoerce.invoke(PogoMetaMethodSite.java:198)
at org.codehaus.groovy.runtime.callsite.PogoMetaMethodSite.callCurrent(PogoMetaMethodSite.java:62)
at org.codehaus.groovy.runtime.callsite.AbstractCallSite.callCurrent(AbstractCallSite.java:185)
at io.restassured.internal.ResponseSpecificationImpl.statusCode(ResponseSpecificationImpl.groovy:135)
at io.restassured.specification.ResponseSpecification$statusCode$0.callCurrent(Unknown Source)
at io.restassured.internal.ResponseSpecificationImpl.statusCode(ResponseSpecificationImpl.groovy:143)
at io.restassured.internal.ValidatableResponseOptionsImpl.statusCode(ValidatableResponseOptionsImpl.java:89)
at OTP.signupOtpVerify.VerifyOtpwithValidCredentials(signupOtpVerify.java:1054)
at java.base/jdk.internal.reflect.DirectMethodHandleAccessor.invoke(DirectMethodHandleAccessor.java:103)
at java.base/java.lang.reflect.Method.invoke(Method.java:580)
at org.testng.internal.MethodInvocationHelper.invokeMethod(MethodInvocationHelper.java:133)
at org.testng.internal.TestInvoker.invokeMethod(TestInvoker.java:598)
at org.testng.internal.TestInvoker.invokeTestMethod(TestInvoker.java:173)
at org.testng.internal.MethodRunner.runInSequence(MethodRunner.java:46)
at org.testng.internal.TestInvoker$MethodInvocationAgent.invoke(TestInvoker.java:824)
at org.testng.internal.TestInvoker.invokeTestMethods(TestInvoker.java:146)
at org.testng.internal.TestMethodWorker.invokeTestMethods(TestMethodWorker.java:146)
at org.testng.internal.TestMethodWorker.run(TestMethodWorker.java:128)
at java.base/java.util.ArrayList.forEach(ArrayList.java:1597)
at org.testng.TestRunner.privateRun(TestRunner.java:794)
at org.testng.TestRunner.run(TestRunner.java:596)
at org.testng.SuiteRunner.runTest(SuiteRunner.java:377)
at org.testng.SuiteRunner.runSequentially(SuiteRunner.java:371)
at org.testng.SuiteRunner.privateRun(SuiteRunner.java:332)
at org.testng.SuiteRunner.run(SuiteRunner.java:276)
at org.testng.SuiteRunnerWorker.runSuite(SuiteRunnerWorker.java:53)
at org.testng.SuiteRunnerWorker.run(SuiteRunnerWorker.java:96)
at org.testng.TestNG.runSuitesSequentially(TestNG.java:1212)
at org.testng.TestNG.runSuitesLocally(TestNG.java:1134)
at org.testng.TestNG.runSuites(TestNG.java:1063)
at org.testng.TestNG.run(TestNG.java:1031)
at org.testng.remote.AbstractRemoteTestNG.run(AbstractRemoteTestNG.java:115)
at org.testng.remote.RemoteTestNG.initAndRun(RemoteTestNG.java:293)
at org.testng.remote.RemoteTestNG.main(RemoteTestNG.java:91)
]]>
            </full-stacktrace>
          </exception> <!-- java.lang.AssertionError -->
          <reporter-output>
          </reporter-output>
        </test-method> <!-- VerifyOtpwithValidCredentials -->
        <test-method signature="VerifySignUpOtpwithoutOtp()[pri:0, instance:OTP.signupOtpVerify@534a5a98]" started-at="2025-09-02T13:48:54 NPT" name="VerifySignUpOtpwithoutOtp" finished-at="2025-09-02T13:48:54 NPT" duration-ms="196" status="PASS">
          <reporter-output>
          </reporter-output>
        </test-method> <!-- VerifySignUpOtpwithoutOtp -->
        <test-method signature="VerifySignUpOtpwithoutTimestamp()[pri:0, instance:OTP.signupOtpVerify@534a5a98]" started-at="2025-09-02T13:48:54 NPT" name="VerifySignUpOtpwithoutTimestamp" finished-at="2025-09-02T13:48:54 NPT" duration-ms="181" status="PASS">
          <reporter-output>
          </reporter-output>
        </test-method> <!-- VerifySignUpOtpwithoutTimestamp -->
        <test-method signature="VerifySignUpOtpwithoutpin()[pri:0, instance:OTP.signupOtpVerify@534a5a98]" started-at="2025-09-02T13:48:54 NPT" name="VerifySignUpOtpwithoutpin" finished-at="2025-09-02T13:48:54 NPT" duration-ms="200" status="PASS">
          <reporter-output>
          </reporter-output>
        </test-method> <!-- VerifySignUpOtpwithoutpin -->
        <test-method signature="VerifySignUpwithInvalidEmail()[pri:0, instance:OTP.signupOtpVerify@534a5a98]" started-at="2025-09-02T13:48:54 NPT" name="VerifySignUpwithInvalidEmail" finished-at="2025-09-02T13:48:55 NPT" duration-ms="284" status="PASS">
          <reporter-output>
          </reporter-output>
        </test-method> <!-- VerifySignUpwithInvalidEmail -->
        <test-method signature="VerifySignUpwithInvalidOtp()[pri:0, instance:OTP.signupOtpVerify@534a5a98]" started-at="2025-09-02T13:48:55 NPT" name="VerifySignUpwithInvalidOtp" finished-at="2025-09-02T13:48:55 NPT" duration-ms="309" status="PASS">
          <reporter-output>
          </reporter-output>
        </test-method> <!-- VerifySignUpwithInvalidOtp -->
        <test-method signature="VerifySignUpwithInvalidPin()[pri:0, instance:OTP.signupOtpVerify@534a5a98]" started-at="2025-09-02T13:48:55 NPT" name="VerifySignUpwithInvalidPin" finished-at="2025-09-02T13:48:55 NPT" duration-ms="228" status="PASS">
          <reporter-output>
          </reporter-output>
        </test-method> <!-- VerifySignUpwithInvalidPin -->
        <test-method signature="VerifySignUpwithInvalidToken()[pri:0, instance:OTP.signupOtpVerify@534a5a98]" started-at="2025-09-02T13:48:55 NPT" name="VerifySignUpwithInvalidToken" finished-at="2025-09-02T13:48:55 NPT" duration-ms="227" status="PASS">
          <reporter-output>
          </reporter-output>
        </test-method> <!-- VerifySignUpwithInvalidToken -->
        <test-method signature="VerifySignUpwithWrongSignature()[pri:0, instance:OTP.signupOtpVerify@534a5a98]" started-at="2025-09-02T13:48:55 NPT" name="VerifySignUpwithWrongSignature" finished-at="2025-09-02T13:48:56 NPT" duration-ms="261" status="PASS">
          <reporter-output>
          </reporter-output>
        </test-method> <!-- VerifySignUpwithWrongSignature -->
        <test-method signature="VerifySignUpwithoutSignature()[pri:0, instance:OTP.signupOtpVerify@534a5a98]" started-at="2025-09-02T13:48:56 NPT" name="VerifySignUpwithoutSignature" finished-at="2025-09-02T13:48:56 NPT" duration-ms="107" status="PASS">
          <reporter-output>
          </reporter-output>
        </test-method> <!-- VerifySignUpwithoutSignature -->
        <test-method signature="VerifySignUpwithouttoken()[pri:0, instance:OTP.signupOtpVerify@534a5a98]" started-at="2025-09-02T13:48:56 NPT" name="VerifySignUpwithouttoken" finished-at="2025-09-02T13:48:56 NPT" duration-ms="189" status="PASS">
          <reporter-output>
          </reporter-output>
        </test-method> <!-- VerifySignUpwithouttoken -->
        <test-method signature="VerifySignupOtpwithoutemail()[pri:0, instance:OTP.signupOtpVerify@534a5a98]" started-at="2025-09-02T13:48:56 NPT" name="VerifySignupOtpwithoutemail" finished-at="2025-09-02T13:48:56 NPT" duration-ms="199" status="PASS">
          <reporter-output>
          </reporter-output>
        </test-method> <!-- VerifySignupOtpwithoutemail -->
        <test-method signature="VerifySignupwithInvalidTimestamp()[pri:0, instance:OTP.signupOtpVerify@534a5a98]" started-at="2025-09-02T13:48:56 NPT" name="VerifySignupwithInvalidTimestamp" finished-at="2025-09-02T13:48:56 NPT" duration-ms="176" status="PASS">
          <reporter-output>
          </reporter-output>
        </test-method> <!-- VerifySignupwithInvalidTimestamp -->
        <test-method signature="verifySignUpOtpwithoutDeviceId()[pri:0, instance:OTP.signupOtpVerify@534a5a98]" started-at="2025-09-02T13:48:56 NPT" name="verifySignUpOtpwithoutDeviceId" finished-at="2025-09-02T13:48:57 NPT" duration-ms="187" status="PASS">
          <reporter-output>
          </reporter-output>
        </test-method> <!-- verifySignUpOtpwithoutDeviceId -->
        <test-method signature="verifySignUpOtpwithoutLocation()[pri:0, instance:OTP.signupOtpVerify@534a5a98]" started-at="2025-09-02T13:48:57 NPT" name="verifySignUpOtpwithoutLocation" finished-at="2025-09-02T13:48:57 NPT" duration-ms="182" status="PASS">
          <reporter-output>
          </reporter-output>
        </test-method> <!-- verifySignUpOtpwithoutLocation -->
        <test-method signature="verifySignUpwithoutUserAgent()[pri:0, instance:OTP.signupOtpVerify@534a5a98]" started-at="2025-09-02T13:48:57 NPT" name="verifySignUpwithoutUserAgent" finished-at="2025-09-02T13:48:57 NPT" duration-ms="200" status="PASS">
          <reporter-output>
          </reporter-output>
        </test-method> <!-- verifySignUpwithoutUserAgent -->
      </class> <!-- OTP.signupOtpVerify -->
    </test> <!-- Default test -->
  </suite> <!-- Default suite -->
</testng-results>
