<?xml version="1.0" encoding="UTF-8"?>
<testng-results ignored="0" total="3" passed="3" failed="0" skipped="0">
  <reporter-output>
  </reporter-output>
  <suite started-at="2025-09-07T14:10:55 NPT" name="Default suite" finished-at="2025-09-07T14:10:56 NPT" duration-ms="577">
    <groups>
    </groups>
    <test started-at="2025-09-07T14:10:55 NPT" name="Default test" finished-at="2025-09-07T14:10:56 NPT" duration-ms="577">
      <class name="Authentication.sessionSignatureGson">
        <test-method signature="addCard()[pri:0, instance:Authentication.sessionSignatureGson@6cd28fa7]" started-at="2025-09-07T14:10:55 NPT" name="addCard" finished-at="2025-09-07T14:10:56 NPT" duration-ms="486" status="PASS">
          <reporter-output>
          </reporter-output>
        </test-method> <!-- addCard -->
        <test-method signature="getSignature()[pri:0, instance:Authentication.sessionSignatureGson@6cd28fa7]" started-at="2025-09-07T14:10:56 NPT" name="getSignature" finished-at="2025-09-07T14:10:56 NPT" duration-ms="4" status="PASS">
          <reporter-output>
          </reporter-output>
        </test-method> <!-- getSignature -->
        <test-method signature="verifyCard()[pri:0, instance:Authentication.sessionSignatureGson@6cd28fa7]" started-at="2025-09-07T14:10:56 NPT" name="verifyCard" finished-at="2025-09-07T14:10:56 NPT" duration-ms="8" status="PASS">
          <reporter-output>
          </reporter-output>
        </test-method> <!-- verifyCard -->
      </class> <!-- Authentication.sessionSignatureGson -->
    </test> <!-- Default test -->
  </suite> <!-- Default suite -->
</testng-results>
