<?xml version="1.0" encoding="UTF-8"?>
<testng-results ignored="0" total="9" passed="8" failed="1" skipped="0">
  <reporter-output>
  </reporter-output>
  <suite started-at="2025-06-30T11:32:08 NPT" name="Default suite" finished-at="2025-06-30T11:32:26 NPT" duration-ms="18661">
    <groups>
    </groups>
    <test started-at="2025-06-30T11:32:08 NPT" name="Default test" finished-at="2025-06-30T11:32:26 NPT" duration-ms="18661">
      <class name="Profile.getProfileDetails">
        <test-method is-config="true" signature="getToken()[pri:0, instance:Profile.getProfileDetails@27462a88]" started-at="2025-06-30T11:32:08 NPT" name="getToken" finished-at="2025-06-30T11:32:13 NPT" duration-ms="5731" status="PASS">
          <reporter-output>
          </reporter-output>
        </test-method> <!-- getToken -->
        <test-method signature="getProfileInformation()[pri:0, instance:Profile.getProfileDetails@27462a88]" started-at="2025-06-30T11:32:13 NPT" name="getProfileInformation" finished-at="2025-06-30T11:32:14 NPT" duration-ms="457" status="PASS">
          <reporter-output>
          </reporter-output>
        </test-method> <!-- getProfileInformation -->
        <test-method signature="getProfileInformationwithInvalidAuth()[pri:0, instance:Profile.getProfileDetails@27462a88]" started-at="2025-06-30T11:32:14 NPT" name="getProfileInformationwithInvalidAuth" finished-at="2025-06-30T11:32:14 NPT" duration-ms="230" status="PASS">
          <reporter-output>
          </reporter-output>
        </test-method> <!-- getProfileInformationwithInvalidAuth -->
        <test-method signature="getProfileInformationwithInvalidDevice()[pri:0, instance:Profile.getProfileDetails@27462a88]" started-at="2025-06-30T11:32:14 NPT" name="getProfileInformationwithInvalidDevice" finished-at="2025-06-30T11:32:14 NPT" duration-ms="213" status="PASS">
          <reporter-output>
          </reporter-output>
        </test-method> <!-- getProfileInformationwithInvalidDevice -->
        <test-method signature="getProfileInformationwithInvalidLocation()[pri:0, instance:Profile.getProfileDetails@27462a88]" started-at="2025-06-30T11:32:14 NPT" name="getProfileInformationwithInvalidLocation" finished-at="2025-06-30T11:32:15 NPT" duration-ms="889" status="PASS">
          <reporter-output>
          </reporter-output>
        </test-method> <!-- getProfileInformationwithInvalidLocation -->
        <test-method signature="getProfileInformationwithServerDown()[pri:0, instance:Profile.getProfileDetails@27462a88]" started-at="2025-06-30T11:32:15 NPT" name="getProfileInformationwithServerDown" finished-at="2025-06-30T11:32:17 NPT" duration-ms="1593" status="FAIL">
          <exception class="java.lang.AssertionError">
            <message>
              <![CDATA[1 expectation failed.
Expected status code <500> but was <200>.
]]>
            </message>
            <full-stacktrace>
              <![CDATA[java.lang.AssertionError: 1 expectation failed.
Expected status code <500> but was <200>.

at java.base/jdk.internal.reflect.DirectConstructorHandleAccessor.newInstance(DirectConstructorHandleAccessor.java:62)
at java.base/java.lang.reflect.Constructor.newInstanceWithCaller(Constructor.java:502)
at java.base/java.lang.reflect.Constructor.newInstance(Constructor.java:486)
at org.codehaus.groovy.reflection.CachedConstructor.invoke(CachedConstructor.java:73)
at org.codehaus.groovy.runtime.callsite.ConstructorSite$ConstructorSiteNoUnwrapNoCoerce.callConstructor(ConstructorSite.java:108)
at org.codehaus.groovy.runtime.callsite.CallSiteArray.defaultCallConstructor(CallSiteArray.java:57)
at org.codehaus.groovy.runtime.callsite.AbstractCallSite.callConstructor(AbstractCallSite.java:263)
at org.codehaus.groovy.runtime.callsite.AbstractCallSite.callConstructor(AbstractCallSite.java:277)
at io.restassured.internal.ResponseSpecificationImpl$HamcrestAssertionClosure.validate(ResponseSpecificationImpl.groovy:512)
at io.restassured.internal.ResponseSpecificationImpl$HamcrestAssertionClosure$validate$1.call(Unknown Source)
at io.restassured.internal.ResponseSpecificationImpl.validateResponseIfRequired(ResponseSpecificationImpl.groovy:696)
at io.restassured.internal.ResponseSpecificationImpl.this$2$validateResponseIfRequired(ResponseSpecificationImpl.groovy)
at java.base/jdk.internal.reflect.DirectMethodHandleAccessor.invoke(DirectMethodHandleAccessor.java:103)
at java.base/java.lang.reflect.Method.invoke(Method.java:580)
at org.codehaus.groovy.runtime.callsite.PlainObjectMetaMethodSite.doInvoke(PlainObjectMetaMethodSite.java:43)
at org.codehaus.groovy.runtime.callsite.PogoMetaMethodSite$PogoCachedMethodSiteNoUnwrapNoCoerce.invoke(PogoMetaMethodSite.java:198)
at org.codehaus.groovy.runtime.callsite.PogoMetaMethodSite.callCurrent(PogoMetaMethodSite.java:62)
at org.codehaus.groovy.runtime.callsite.AbstractCallSite.callCurrent(AbstractCallSite.java:185)
at io.restassured.internal.ResponseSpecificationImpl.statusCode(ResponseSpecificationImpl.groovy:135)
at io.restassured.specification.ResponseSpecification$statusCode$0.callCurrent(Unknown Source)
at io.restassured.internal.ResponseSpecificationImpl.statusCode(ResponseSpecificationImpl.groovy:143)
at io.restassured.internal.ValidatableResponseOptionsImpl.statusCode(ValidatableResponseOptionsImpl.java:89)
at Profile.getProfileDetails.getProfileInformationwithServerDown(getProfileDetails.java:350)
at java.base/jdk.internal.reflect.DirectMethodHandleAccessor.invoke(DirectMethodHandleAccessor.java:103)
at java.base/java.lang.reflect.Method.invoke(Method.java:580)
at org.testng.internal.MethodInvocationHelper.invokeMethod(MethodInvocationHelper.java:133)
at org.testng.internal.TestInvoker.invokeMethod(TestInvoker.java:598)
at org.testng.internal.TestInvoker.invokeTestMethod(TestInvoker.java:173)
at org.testng.internal.MethodRunner.runInSequence(MethodRunner.java:46)
at org.testng.internal.TestInvoker$MethodInvocationAgent.invoke(TestInvoker.java:824)
at org.testng.internal.TestInvoker.invokeTestMethods(TestInvoker.java:146)
at org.testng.internal.TestMethodWorker.invokeTestMethods(TestMethodWorker.java:146)
at org.testng.internal.TestMethodWorker.run(TestMethodWorker.java:128)
at java.base/java.util.ArrayList.forEach(ArrayList.java:1597)
at org.testng.TestRunner.privateRun(TestRunner.java:794)
at org.testng.TestRunner.run(TestRunner.java:596)
at org.testng.SuiteRunner.runTest(SuiteRunner.java:377)
at org.testng.SuiteRunner.runSequentially(SuiteRunner.java:371)
at org.testng.SuiteRunner.privateRun(SuiteRunner.java:332)
at org.testng.SuiteRunner.run(SuiteRunner.java:276)
at org.testng.SuiteRunnerWorker.runSuite(SuiteRunnerWorker.java:53)
at org.testng.SuiteRunnerWorker.run(SuiteRunnerWorker.java:96)
at org.testng.TestNG.runSuitesSequentially(TestNG.java:1212)
at org.testng.TestNG.runSuitesLocally(TestNG.java:1134)
at org.testng.TestNG.runSuites(TestNG.java:1063)
at org.testng.TestNG.run(TestNG.java:1031)
at org.testng.remote.AbstractRemoteTestNG.run(AbstractRemoteTestNG.java:115)
at org.testng.remote.RemoteTestNG.initAndRun(RemoteTestNG.java:293)
at org.testng.remote.RemoteTestNG.main(RemoteTestNG.java:91)
]]>
            </full-stacktrace>
          </exception> <!-- java.lang.AssertionError -->
          <reporter-output>
          </reporter-output>
        </test-method> <!-- getProfileInformationwithServerDown -->
        <test-method signature="getProfileInformationwithoutAuth()[pri:0, instance:Profile.getProfileDetails@27462a88]" started-at="2025-06-30T11:32:17 NPT" name="getProfileInformationwithoutAuth" finished-at="2025-06-30T11:32:20 NPT" duration-ms="3084" status="PASS">
          <reporter-output>
          </reporter-output>
        </test-method> <!-- getProfileInformationwithoutAuth -->
        <test-method signature="getProfileInformationwithoutDevice()[pri:0, instance:Profile.getProfileDetails@27462a88]" started-at="2025-06-30T11:32:20 NPT" name="getProfileInformationwithoutDevice" finished-at="2025-06-30T11:32:22 NPT" duration-ms="2342" status="PASS">
          <reporter-output>
          </reporter-output>
        </test-method> <!-- getProfileInformationwithoutDevice -->
        <test-method signature="getProfileInformationwithoutGeo()[pri:0, instance:Profile.getProfileDetails@27462a88]" started-at="2025-06-30T11:32:22 NPT" name="getProfileInformationwithoutGeo" finished-at="2025-06-30T11:32:23 NPT" duration-ms="867" status="PASS">
          <reporter-output>
          </reporter-output>
        </test-method> <!-- getProfileInformationwithoutGeo -->
        <test-method signature="getProfileInformationwithoutUserAgent()[pri:0, instance:Profile.getProfileDetails@27462a88]" started-at="2025-06-30T11:32:23 NPT" name="getProfileInformationwithoutUserAgent" finished-at="2025-06-30T11:32:26 NPT" duration-ms="2948" status="PASS">
          <reporter-output>
          </reporter-output>
        </test-method> <!-- getProfileInformationwithoutUserAgent -->
        <test-method is-config="true" signature="logout()[pri:0, instance:Profile.getProfileDetails@27462a88]" started-at="2025-06-30T11:32:26 NPT" name="logout" finished-at="2025-06-30T11:32:26 NPT" duration-ms="203" status="PASS">
          <reporter-output>
          </reporter-output>
        </test-method> <!-- logout -->
      </class> <!-- Profile.getProfileDetails -->
    </test> <!-- Default test -->
  </suite> <!-- Default suite -->
</testng-results>
