<?xml version="1.0" encoding="UTF-8"?>
<testng-results ignored="0" total="1" passed="1" failed="0" skipped="0">
  <reporter-output>
  </reporter-output>
  <suite started-at="2025-09-02T16:25:48 NPT" name="Default suite" finished-at="2025-09-02T16:25:51 NPT" duration-ms="3558">
    <groups>
    </groups>
    <test started-at="2025-09-02T16:25:48 NPT" name="Default test" finished-at="2025-09-02T16:25:51 NPT" duration-ms="3558">
      <class name="Device.LoginDevice">
        <test-method signature="getToken()[pri:0, instance:Device.LoginDevice@5acf93bb]" started-at="2025-09-02T16:25:48 NPT" name="getToken" finished-at="2025-09-02T16:25:51 NPT" duration-ms="3524" status="PASS">
          <reporter-output>
          </reporter-output>
        </test-method> <!-- getToken -->
      </class> <!-- Device.LoginDevice -->
    </test> <!-- Default test -->
  </suite> <!-- Default suite -->
</testng-results>
